<?xml version="1.0" encoding="UTF-8"?>
<testng-results ignored="0" total="1" passed="1" failed="0" skipped="0">
  <reporter-output>
  </reporter-output>
  <suite started-at="2022-07-26T12:34:55 IST" name="Default suite" finished-at="2022-07-26T12:35:10 IST" duration-ms="15531">
    <groups>
    </groups>
    <test started-at="2022-07-26T12:34:55 IST" name="Default test" finished-at="2022-07-26T12:35:10 IST" duration-ms="15531">
      <class name="script.Facebook">
        <test-method is-config="true" signature="Close()[pri:0, instance:script.Facebook@3c407114]" started-at="2022-07-26T12:34:55 IST" name="Close" finished-at="2022-07-26T12:35:00 IST" duration-ms="5382" status="PASS">
          <reporter-output>
          </reporter-output>
        </test-method> <!-- Close -->
        <test-method signature="Script()[pri:0, instance:script.Facebook@3c407114]" started-at="2022-07-26T12:35:00 IST" name="Script" finished-at="2022-07-26T12:35:10 IST" duration-ms="9824" status="PASS">
          <reporter-output>
          </reporter-output>
        </test-method> <!-- Script -->
        <test-method is-config="true" signature="Setup()[pri:0, instance:script.Facebook@3c407114]" started-at="2022-07-26T12:35:10 IST" name="Setup" finished-at="2022-07-26T12:35:10 IST" duration-ms="254" status="PASS">
          <reporter-output>
          </reporter-output>
        </test-method> <!-- Setup -->
      </class> <!-- script.Facebook -->
    </test> <!-- Default test -->
  </suite> <!-- Default suite -->
</testng-results>
